#! /usr/share/iverilog-0.9.7/bin/vvp
:ivl_version "0.9.7 " "(v0_9_6)";
:vpi_time_precision + 0;
:vpi_module "system";
:vpi_module "v2005_math";
:vpi_module "va_math";
S_0xf5d3a0 .scope module, "vending_machine_tb" "vending_machine_tb" 2 3;
 .timescale 0 0;
v0xf713e0_0 .net "change", 1 0, v0xf70fd0_0; 1 drivers
v0xf71480_0 .var "clk", 0 0;
v0xf71530_0 .var "in", 1 0;
v0xf715e0_0 .net "out", 0 0, v0xf71260_0; 1 drivers
v0xf716c0_0 .var "rst", 0 0;
S_0xf5d490 .scope module, "uut" "vending_machine" 2 12, 3 3, S_0xf5d3a0;
 .timescale 0 0;
P_0xf57d98 .param/l "s0" 3 11, C4<00>;
P_0xf57dc0 .param/l "s1" 3 12, C4<01>;
P_0xf57de8 .param/l "s2" 3 13, C4<10>;
v0xf57e90_0 .var "c_state", 1 0;
v0xf70fd0_0 .var "change", 1 0;
v0xf71070_0 .net "clk", 0 0, v0xf71480_0; 1 drivers
v0xf71110_0 .net "in", 1 0, v0xf71530_0; 1 drivers
v0xf711c0_0 .var "n_state", 1 0;
v0xf71260_0 .var "out", 0 0;
v0xf71340_0 .net "rst", 0 0, v0xf716c0_0; 1 drivers
E_0xf47b60 .event posedge, v0xf71070_0;
    .scope S_0xf5d490;
T_0 ;
    %wait E_0xf47b60;
    %load/v 8, v0xf71340_0, 1;
    %mov 9, 0, 2;
    %cmpi/u 8, 1, 3;
    %jmp/0xz  T_0.0, 4;
    %set/v v0xf57e90_0, 0, 2;
    %set/v v0xf711c0_0, 0, 2;
    %set/v v0xf70fd0_0, 0, 2;
    %jmp T_0.1;
T_0.0 ;
    %load/v 8, v0xf711c0_0, 2;
    %set/v v0xf57e90_0, 8, 2;
T_0.1 ;
    %load/v 8, v0xf57e90_0, 2;
    %cmpi/u 8, 0, 2;
    %jmp/1 T_0.2, 6;
    %cmpi/u 8, 1, 2;
    %jmp/1 T_0.3, 6;
    %cmpi/u 8, 2, 2;
    %jmp/1 T_0.4, 6;
    %jmp T_0.5;
T_0.2 ;
    %load/v 8, v0xf71110_0, 2;
    %mov 10, 0, 1;
    %cmpi/u 8, 0, 3;
    %jmp/0xz  T_0.6, 4;
    %set/v v0xf711c0_0, 0, 2;
    %set/v v0xf71260_0, 0, 1;
    %set/v v0xf70fd0_0, 0, 2;
    %jmp T_0.7;
T_0.6 ;
    %load/v 8, v0xf71110_0, 2;
    %cmpi/u 8, 1, 2;
    %jmp/0xz  T_0.8, 4;
    %movi 8, 1, 2;
    %set/v v0xf711c0_0, 8, 2;
    %set/v v0xf71260_0, 0, 1;
    %set/v v0xf70fd0_0, 0, 2;
    %jmp T_0.9;
T_0.8 ;
    %load/v 8, v0xf71110_0, 2;
    %cmpi/u 8, 2, 2;
    %jmp/0xz  T_0.10, 4;
    %movi 8, 2, 2;
    %set/v v0xf711c0_0, 8, 2;
    %set/v v0xf71260_0, 0, 1;
    %set/v v0xf70fd0_0, 0, 2;
T_0.10 ;
T_0.9 ;
T_0.7 ;
    %jmp T_0.5;
T_0.3 ;
    %load/v 8, v0xf71110_0, 2;
    %mov 10, 0, 1;
    %cmpi/u 8, 0, 3;
    %jmp/0xz  T_0.12, 4;
    %set/v v0xf711c0_0, 0, 2;
    %set/v v0xf71260_0, 0, 1;
    %movi 8, 1, 2;
    %set/v v0xf70fd0_0, 8, 2;
    %jmp T_0.13;
T_0.12 ;
    %load/v 8, v0xf71110_0, 2;
    %cmpi/u 8, 1, 2;
    %jmp/0xz  T_0.14, 4;
    %movi 8, 2, 2;
    %set/v v0xf711c0_0, 8, 2;
    %set/v v0xf71260_0, 0, 1;
    %set/v v0xf70fd0_0, 0, 2;
    %jmp T_0.15;
T_0.14 ;
    %load/v 8, v0xf71110_0, 2;
    %cmpi/u 8, 2, 2;
    %jmp/0xz  T_0.16, 4;
    %set/v v0xf711c0_0, 0, 2;
    %set/v v0xf71260_0, 1, 1;
    %set/v v0xf70fd0_0, 0, 2;
T_0.16 ;
T_0.15 ;
T_0.13 ;
    %jmp T_0.5;
T_0.4 ;
    %load/v 8, v0xf71110_0, 2;
    %mov 10, 0, 1;
    %cmpi/u 8, 0, 3;
    %jmp/0xz  T_0.18, 4;
    %set/v v0xf711c0_0, 0, 2;
    %set/v v0xf71260_0, 0, 1;
    %movi 8, 2, 2;
    %set/v v0xf70fd0_0, 8, 2;
    %jmp T_0.19;
T_0.18 ;
    %load/v 8, v0xf71110_0, 2;
    %cmpi/u 8, 1, 2;
    %jmp/0xz  T_0.20, 4;
    %set/v v0xf711c0_0, 0, 2;
    %set/v v0xf71260_0, 1, 1;
    %set/v v0xf70fd0_0, 0, 2;
    %jmp T_0.21;
T_0.20 ;
    %load/v 8, v0xf71110_0, 2;
    %cmpi/u 8, 2, 2;
    %jmp/0xz  T_0.22, 4;
    %set/v v0xf711c0_0, 0, 2;
    %set/v v0xf71260_0, 1, 1;
    %movi 8, 1, 2;
    %set/v v0xf70fd0_0, 8, 2;
T_0.22 ;
T_0.21 ;
T_0.19 ;
    %jmp T_0.5;
T_0.5 ;
    %jmp T_0;
    .thread T_0;
    .scope S_0xf5d3a0;
T_1 ;
    %vpi_call 2 22 "$dumpfile", "design.vcd";
    %vpi_call 2 23 "$dumpvars", 1'sb0, S_0xf5d3a0;
    %set/v v0xf716c0_0, 1, 1;
    %set/v v0xf71480_0, 0, 1;
    %delay 6, 0;
    %set/v v0xf716c0_0, 0, 1;
    %movi 8, 1, 2;
    %set/v v0xf71530_0, 8, 2;
    %delay 11, 0;
    %movi 8, 1, 2;
    %set/v v0xf71530_0, 8, 2;
    %delay 16, 0;
    %movi 8, 1, 2;
    %set/v v0xf71530_0, 8, 2;
    %delay 25, 0;
    %vpi_call 2 31 "$finish";
    %end;
    .thread T_1;
    .scope S_0xf5d3a0;
T_2 ;
    %delay 5, 0;
    %load/v 8, v0xf71480_0, 1;
    %inv 8, 1;
    %set/v v0xf71480_0, 8, 1;
    %jmp T_2;
    .thread T_2;
# The file index is used to find the file name in the following table.
:file_names 4;
    "N/A";
    "<interactive>";
    "testbench.sv";
    "design.sv";
